[debug] [2026-01-23T10:21:27.005Z] > command requires scopes: ["email","openid","https://www.googleapis.com/auth/cloudplatformprojects.readonly","https://www.googleapis.com/auth/firebase","https://www.googleapis.com/auth/cloud-platform"]
[debug] [2026-01-23T10:21:27.007Z] > authorizing via signed-in user (henry.nam@cupix.com)
[debug] [2026-01-23T10:21:27.008Z] > command requires scopes: ["email","openid","https://www.googleapis.com/auth/cloudplatformprojects.readonly","https://www.googleapis.com/auth/firebase","https://www.googleapis.com/auth/cloud-platform"]
[debug] [2026-01-23T10:21:27.008Z] > authorizing via signed-in user (henry.nam@cupix.com)
[debug] [2026-01-23T10:21:27.009Z] Checked if tokens are valid: false, expires at: 1769161888951
[debug] [2026-01-23T10:21:27.009Z] Checked if tokens are valid: false, expires at: 1769161888951
[debug] [2026-01-23T10:21:27.010Z] > refreshing access token with scopes: []
[debug] [2026-01-23T10:21:27.011Z] >>> [apiv2][query] POST https://www.googleapis.com/oauth2/v3/token [none]
[debug] [2026-01-23T10:21:27.011Z] >>> [apiv2][body] POST https://www.googleapis.com/oauth2/v3/token [omitted]
[debug] [2026-01-23T10:21:27.012Z] Checked if tokens are valid: false, expires at: 1769161888951
[debug] [2026-01-23T10:21:27.012Z] Checked if tokens are valid: false, expires at: 1769161888951
[debug] [2026-01-23T10:21:27.012Z] > refreshing access token with scopes: []
[debug] [2026-01-23T10:21:27.013Z] >>> [apiv2][query] POST https://www.googleapis.com/oauth2/v3/token [none]
[debug] [2026-01-23T10:21:27.013Z] >>> [apiv2][body] POST https://www.googleapis.com/oauth2/v3/token [omitted]
[debug] [2026-01-23T10:21:27.014Z] > command requires scopes: ["email","openid","https://www.googleapis.com/auth/cloudplatformprojects.readonly","https://www.googleapis.com/auth/firebase","https://www.googleapis.com/auth/cloud-platform"]
[debug] [2026-01-23T10:21:27.014Z] > authorizing via signed-in user (henry.nam@cupix.com)
[debug] [2026-01-23T10:21:27.014Z] Checked if tokens are valid: false, expires at: 1769161888951
[debug] [2026-01-23T10:21:27.014Z] Checked if tokens are valid: false, expires at: 1769161888951
[debug] [2026-01-23T10:21:27.014Z] > refreshing access token with scopes: []
[debug] [2026-01-23T10:21:27.014Z] >>> [apiv2][query] POST https://www.googleapis.com/oauth2/v3/token [none]
[debug] [2026-01-23T10:21:27.014Z] >>> [apiv2][body] POST https://www.googleapis.com/oauth2/v3/token [omitted]
[debug] [2026-01-23T10:21:27.218Z] <<< [apiv2][status] POST https://www.googleapis.com/oauth2/v3/token 200
[debug] [2026-01-23T10:21:27.218Z] <<< [apiv2][body] POST https://www.googleapis.com/oauth2/v3/token [omitted]
[debug] [2026-01-23T10:21:27.256Z] >>> [apiv2][query] GET https://cloudbilling.googleapis.com/v1/projects/meeting-app-d0ee2/billingInfo [none]
[debug] [2026-01-23T10:21:27.257Z] <<< [apiv2][status] POST https://www.googleapis.com/oauth2/v3/token 200
[debug] [2026-01-23T10:21:27.257Z] <<< [apiv2][body] POST https://www.googleapis.com/oauth2/v3/token [omitted]
[debug] [2026-01-23T10:21:27.277Z] >>> [apiv2][query] GET https://cloudbilling.googleapis.com/v1/projects/meeting-app-d0ee2/billingInfo [none]
[debug] [2026-01-23T10:21:27.280Z] <<< [apiv2][status] POST https://www.googleapis.com/oauth2/v3/token 200
[debug] [2026-01-23T10:21:27.280Z] <<< [apiv2][body] POST https://www.googleapis.com/oauth2/v3/token [omitted]
[debug] [2026-01-23T10:21:27.292Z] >>> [apiv2][query] GET https://cloudbilling.googleapis.com/v1/projects/meeting-app-d0ee2/billingInfo [none]
[debug] [2026-01-23T10:21:28.629Z] <<< [apiv2][status] GET https://cloudbilling.googleapis.com/v1/projects/meeting-app-d0ee2/billingInfo 403
