[    1958ms] Error: Hydration failed because the server rendered text didn't match the client. As a result this tree will be regenerated on the client. This can happen if a SSR-ed Client Component used:

- A server/client branch `if (typeof window !== 'undefined')`.
- Variable input such as `Date.now()` or `Math.random()` which changes each time it's called.
- Date formatting in a user's locale which doesn't match the server.
- External changing data without sending a snapshot of it along with the HTML.
- Invalid HTML tag nesting.

It can also happen if the client has a browser extension installed which messes with the HTML before React loaded.

https://react.dev/link/hydration-mismatch

  ...
    <RedirectErrorBoundary router={{...}}>
      <InnerLayoutRouter url="/employers" tree={[...]} cacheNode={{lazyData:null, ...}} segmentPath={[...]}>
        <SegmentViewNode type="page" pagePath="(marketing...">
          <SegmentTrieNode>
          <EmployersPage>
            <main>
              <EmployerHeroSection>
                <section className="relative o...">
                  <div>
                  <div>
                  <div>
                  <div className="relative m...">
                    <div className="text-cente...">
                      <motion.div>
                      <motion.h1>
                      <motion.p>
                      <motion.div initial={{opacity:0,y:20}} animate={{opacity:1,y:0}} transition={{duration:0.5, ...}} ...>
                        <div className="flex flex-..." style={{opacity:0, ...}} ref={function useMotionRef.useCallback}>
                          <LinkComponent>
                          <LinkComponent href="/jobs" className="group px-8...">
                            <a
+                             className="group px-8 py-4 bg-white hover:bg-slate-50 text-slate-900 border-2 border-sla..."
-                             className="group px-8 py-4 bg-blue-600 hover:bg-blue-700 text-white rounded-xl transitio..."
                              ref={function}
                              onClick={function onClick}
                              onMouseEnter={function onMouseEnter}
                              onTouchStart={function onTouchStart}
+                             href="/jobs"
-                             href="/employer/talent"
                            >
+                             잡보드 둘러보기
-                             인재 찾기
                      ...
                ...
              ...
        ...
      ...

    at throwOnHydrationMismatch (webpack-internal:///(app-pages-browser)/../../node_modules/.pnpm/next@15.5.9_@playwright+test@1.58.0_react-dom@19.2.3_react@19.2.3__react@19.2.3/node_modules/next/dist/compiled/react-dom/cjs/react-dom-client.development.js:4506:11)
    at prepareToHydrateHostInstance (webpack-internal:///(app-pages-browser)/../../node_modules/.pnpm/next@15.5.9_@playwright+test@1.58.0_react-dom@19.2.3_react@19.2.3__react@19.2.3/node_modules/next/dist/compiled/react-dom/cjs/react-dom-client.development.js:4602:21)
    at completeWork (webpack-internal:///(app-pages-browser)/../../node_modules/.pnpm/next@15.5.9_@playwright+test@1.58.0_react-dom@19.2.3_react@19.2.3__react@19.2.3/node_modules/next/dist/compiled/react-dom/cjs/react-dom-client.development.js:11635:15)
    at runWithFiberInDEV (webpack-internal:///(app-pages-browser)/../../node_modules/.pnpm/next@15.5.9_@playwright+test@1.58.0_react-dom@19.2.3_react@19.2.3__react@19.2.3/node_modules/next/dist/compiled/react-dom/cjs/react-dom-client.development.js:872:30)
    at completeUnitOfWork (webpack-internal:///(app-pages-browser)/../../node_modules/.pnpm/next@15.5.9_@playwright+test@1.58.0_react-dom@19.2.3_react@19.2.3__react@19.2.3/node_modules/next/dist/compiled/react-dom/cjs/react-dom-client.development.js:15863:19)
    at performUnitOfWork (webpack-internal:///(app-pages-browser)/../../node_modules/.pnpm/next@15.5.9_@playwright+test@1.58.0_react-dom@19.2.3_react@19.2.3__react@19.2.3/node_modules/next/dist/compiled/react-dom/cjs/react-dom-client.development.js:15744:11)
    at workLoopConcurrentByScheduler (webpack-internal:///(app-pages-browser)/../../node_modules/.pnpm/next@15.5.9_@playwright+test@1.58.0_react-dom@19.2.3_react@19.2.3__react@19.2.3/node_modules/next/dist/compiled/react-dom/cjs/react-dom-client.development.js:15721:9)
    at renderRootConcurrent (webpack-internal:///(app-pages-browser)/../../node_modules/.pnpm/next@15.5.9_@playwright+test@1.58.0_react-dom@19.2.3_react@19.2.3__react@19.2.3/node_modules/next/dist/compiled/react-dom/cjs/react-dom-client.development.js:15696:15)
    at performWorkOnRoot (webpack-internal:///(app-pages-browser)/../../node_modules/.pnpm/next@15.5.9_@playwright+test@1.58.0_react-dom@19.2.3_react@19.2.3__react@19.2.3/node_modules/next/dist/compiled/react-dom/cjs/react-dom-client.development.js:14990:13)
    at performWorkOnRootViaSchedulerTask (webpack-internal:///(app-pages-browser)/../../node_modules/.pnpm/next@15.5.9_@playwright+test@1.58.0_react-dom@19.2.3_react@19.2.3__react@19.2.3/node_modules/next/dist/compiled/react-dom/cjs/react-dom-client.development.js:16816:7)
    at MessagePort.performWorkUntilDeadline (webpack-internal:///(app-pages-browser)/../../node_modules/.pnpm/next@15.5.9_@playwright+test@1.58.0_react-dom@19.2.3_react@19.2.3__react@19.2.3/node_modules/next/dist/compiled/scheduler/cjs/scheduler.development.js:45:48)
[   77954ms] Error: Hydration failed because the server rendered text didn't match the client. As a result this tree will be regenerated on the client. This can happen if a SSR-ed Client Component used:

- A server/client branch `if (typeof window !== 'undefined')`.
- Variable input such as `Date.now()` or `Math.random()` which changes each time it's called.
- Date formatting in a user's locale which doesn't match the server.
- External changing data without sending a snapshot of it along with the HTML.
- Invalid HTML tag nesting.

It can also happen if the client has a browser extension installed which messes with the HTML before React loaded.

https://react.dev/link/hydration-mismatch

  ...
    <RedirectErrorBoundary router={{...}}>
      <InnerLayoutRouter url="/employers" tree={[...]} cacheNode={{lazyData:null, ...}} segmentPath={[...]}>
        <SegmentViewNode type="page" pagePath="(marketing...">
          <SegmentTrieNode>
          <EmployersPage>
            <main>
              <EmployerHeroSection>
                <section className="relative o...">
                  <div>
                  <div>
                  <div>
                  <div className="relative m...">
                    <div className="text-cente...">
                      <motion.div>
                      <motion.h1>
                      <motion.p>
                      <motion.div initial={{opacity:0,y:20}} animate={{opacity:1,y:0}} transition={{duration:0.5, ...}} ...>
                        <div className="flex flex-..." style={{opacity:0, ...}} ref={function useMotionRef.useCallback}>
                          <LinkComponent>
                          <LinkComponent href="/jobs" className="group px-8...">
                            <a
+                             className="group px-8 py-4 bg-white hover:bg-slate-50 text-slate-900 border-2 border-sla..."
-                             className="group px-8 py-4 bg-blue-600 hover:bg-blue-700 text-white rounded-xl transitio..."
                              ref={function}
                              onClick={function onClick}
                              onMouseEnter={function onMouseEnter}
                              onTouchStart={function onTouchStart}
+                             href="/jobs"
-                             href="/employer/talent"
                            >
+                             잡보드 둘러보기
-                             인재 찾기
                      ...
                ...
              ...
        ...
      ...

    at throwOnHydrationMismatch (webpack-internal:///(app-pages-browser)/../../node_modules/.pnpm/next@15.5.9_@playwright+test@1.58.0_react-dom@19.2.3_react@19.2.3__react@19.2.3/node_modules/next/dist/compiled/react-dom/cjs/react-dom-client.development.js:4506:11)
    at prepareToHydrateHostInstance (webpack-internal:///(app-pages-browser)/../../node_modules/.pnpm/next@15.5.9_@playwright+test@1.58.0_react-dom@19.2.3_react@19.2.3__react@19.2.3/node_modules/next/dist/compiled/react-dom/cjs/react-dom-client.development.js:4602:21)
    at completeWork (webpack-internal:///(app-pages-browser)/../../node_modules/.pnpm/next@15.5.9_@playwright+test@1.58.0_react-dom@19.2.3_react@19.2.3__react@19.2.3/node_modules/next/dist/compiled/react-dom/cjs/react-dom-client.development.js:11635:15)
    at runWithFiberInDEV (webpack-internal:///(app-pages-browser)/../../node_modules/.pnpm/next@15.5.9_@playwright+test@1.58.0_react-dom@19.2.3_react@19.2.3__react@19.2.3/node_modules/next/dist/compiled/react-dom/cjs/react-dom-client.development.js:872:30)
    at completeUnitOfWork (webpack-internal:///(app-pages-browser)/../../node_modules/.pnpm/next@15.5.9_@playwright+test@1.58.0_react-dom@19.2.3_react@19.2.3__react@19.2.3/node_modules/next/dist/compiled/react-dom/cjs/react-dom-client.development.js:15863:19)
    at performUnitOfWork (webpack-internal:///(app-pages-browser)/../../node_modules/.pnpm/next@15.5.9_@playwright+test@1.58.0_react-dom@19.2.3_react@19.2.3__react@19.2.3/node_modules/next/dist/compiled/react-dom/cjs/react-dom-client.development.js:15744:11)
    at workLoopConcurrentByScheduler (webpack-internal:///(app-pages-browser)/../../node_modules/.pnpm/next@15.5.9_@playwright+test@1.58.0_react-dom@19.2.3_react@19.2.3__react@19.2.3/node_modules/next/dist/compiled/react-dom/cjs/react-dom-client.development.js:15721:9)
    at renderRootConcurrent (webpack-internal:///(app-pages-browser)/../../node_modules/.pnpm/next@15.5.9_@playwright+test@1.58.0_react-dom@19.2.3_react@19.2.3__react@19.2.3/node_modules/next/dist/compiled/react-dom/cjs/react-dom-client.development.js:15696:15)
    at performWorkOnRoot (webpack-internal:///(app-pages-browser)/../../node_modules/.pnpm/next@15.5.9_@playwright+test@1.58.0_react-dom@19.2.3_react@19.2.3__react@19.2.3/node_modules/next/dist/compiled/react-dom/cjs/react-dom-client.development.js:14990:13)
    at performWorkOnRootViaSchedulerTask (webpack-internal:///(app-pages-browser)/../../node_modules/.pnpm/next@15.5.9_@playwright+test@1.58.0_react-dom@19.2.3_react@19.2.3__react@19.2.3/node_modules/next/dist/compiled/react-dom/cjs/react-dom-client.development.js:16816:7)
    at MessagePort.performWorkUntilDeadline (webpack-internal:///(app-pages-browser)/../../node_modules/.pnpm/next@15.5.9_@playwright+test@1.58.0_react-dom@19.2.3_react@19.2.3__react@19.2.3/node_modules/next/dist/compiled/scheduler/cjs/scheduler.development.js:45:48)
