[    1426ms] [ERROR] Failed to load resource: the server responded with a status of 500 (Internal Server Error) @ http://localhost:3000/:0
[    2236ms] Error: Your project's URL and Key are required to create a Supabase client!

Check your Supabase project's API settings to find these values

https://supabase.com/dashboard/project/_/settings/api
    at <unknown> (https://supabase.com/dashboard/project/_/settings/api)
    at <unknown> (https://supabase.com/dashboard/project/_/settings/api)
    at createServerClient (webpack-internal:///(middleware)/../../node_modules/.pnpm/@supabase+ssr@0.5.2_@supabase+supabase-js@2.90.1/node_modules/@supabase/ssr/dist/module/createServerClient.js:13:15)
    at updateSession (webpack-internal:///(middleware)/../../packages/supabase/dist/middleware.js:13:87)
    at middleware (webpack-internal:///(middleware)/./middleware.ts:25:128)
    at eval (webpack-internal:///(middleware)/../../node_modules/.pnpm/next@15.5.9_@playwright+test@1.58.0_react-dom@19.2.3_react@19.2.3__react@19.2.3/node_modules/next/dist/build/webpack/loaders/next-middleware-loader.js?absolutePagePath=%2FUsers%2F2303-pc02%2Fpotenlab%2Fhire_foreigner%2Fapps%2Fweb%2Fmiddleware.ts&page=%2Fmiddleware&rootDir=%2FUsers%2F2303-pc02%2Fpotenlab%2Fhire_foreigner%2Fapps%2Fweb&matchers=&preferredRegion=&middlewareConfig=e30%3D!:32:26)
    at AsyncLocalStorage.run (node:async_hooks:346:14)
    at eval (webpack-internal:///(middleware)/../../node_modules/.pnpm/next@15.5.9_@playwright+test@1.58.0_react-dom@19.2.3_react@19.2.3__react@19.2.3/node_modules/next/dist/esm/server/web/adapter.js:255:236)
    at AsyncLocalStorage.run (node:async_hooks:346:14)
    at eval (webpack-internal:///(middleware)/../../node_modules/.pnpm/next@15.5.9_@playwright+test@1.58.0_react-dom@19.2.3_react@19.2.3__react@19.2.3/node_modules/next/dist/esm/server/web/adapter.js:255:121)
    at async adapter (webpack-internal:///(middleware)/../../node_modules/.pnpm/next@15.5.9_@playwright+test@1.58.0_react-dom@19.2.3_react@19.2.3__react@19.2.3/node_modules/next/dist/esm/server/web/adapter.js:210:16)
    at async (file:///Users/2303-pc02/potenlab/hire_foreigner/node_modules/.pnpm/next@15.5.9_@playwright+test@1.58.0_react-dom@19.2.3_react@19.2.3__react@19.2.3/node_modules/next/dist/server/web/sandbox/sandbox.js:112:26)
[    2274ms] [ERROR] Failed to load resource: the server responded with a status of 404 (Not Found) @ http://localhost:3000/favicon.ico:0
[    4934ms] [WARNING] [Fast Refresh] performing full reload because your application had an unrecoverable error @ webpack-internal:///(pages-dir-browser)/../../node_modules/.pnpm/next@15.5.9_@playwright+test@1.58.0_react-dom@19.2.3_react@19.2.3__react@19.2.3/node_modules/next/dist/client/dev/hot-reloader/pages/hot-reloader-pages.js:347
[    5228ms] [ERROR] Failed to load resource: the server responded with a status of 500 (Internal Server Error) @ http://localhost:3000/:0
[    5253ms] Error: Your project's URL and Key are required to create a Supabase client!

Check your Supabase project's API settings to find these values

https://supabase.com/dashboard/project/_/settings/api
    at <unknown> (https://supabase.com/dashboard/project/_/settings/api)
    at <unknown> (https://supabase.com/dashboard/project/_/settings/api)
    at createServerClient (webpack-internal:///(middleware)/../../node_modules/.pnpm/@supabase+ssr@0.5.2_@supabase+supabase-js@2.90.1/node_modules/@supabase/ssr/dist/module/createServerClient.js:13:15)
    at updateSession (webpack-internal:///(middleware)/../../packages/supabase/dist/middleware.js:13:87)
    at middleware (webpack-internal:///(middleware)/./middleware.ts:25:128)
    at eval (webpack-internal:///(middleware)/../../node_modules/.pnpm/next@15.5.9_@playwright+test@1.58.0_react-dom@19.2.3_react@19.2.3__react@19.2.3/node_modules/next/dist/build/webpack/loaders/next-middleware-loader.js?absolutePagePath=%2FUsers%2F2303-pc02%2Fpotenlab%2Fhire_foreigner%2Fapps%2Fweb%2Fmiddleware.ts&page=%2Fmiddleware&rootDir=%2FUsers%2F2303-pc02%2Fpotenlab%2Fhire_foreigner%2Fapps%2Fweb&matchers=&preferredRegion=&middlewareConfig=e30%3D!:32:26)
    at AsyncLocalStorage.run (node:async_hooks:346:14)
    at eval (webpack-internal:///(middleware)/../../node_modules/.pnpm/next@15.5.9_@playwright+test@1.58.0_react-dom@19.2.3_react@19.2.3__react@19.2.3/node_modules/next/dist/esm/server/web/adapter.js:255:236)
    at AsyncLocalStorage.run (node:async_hooks:346:14)
    at eval (webpack-internal:///(middleware)/../../node_modules/.pnpm/next@15.5.9_@playwright+test@1.58.0_react-dom@19.2.3_react@19.2.3__react@19.2.3/node_modules/next/dist/esm/server/web/adapter.js:255:121)
    at async adapter (webpack-internal:///(middleware)/../../node_modules/.pnpm/next@15.5.9_@playwright+test@1.58.0_react-dom@19.2.3_react@19.2.3__react@19.2.3/node_modules/next/dist/esm/server/web/adapter.js:210:16)
    at async (file:///Users/2303-pc02/potenlab/hire_foreigner/node_modules/.pnpm/next@15.5.9_@playwright+test@1.58.0_react-dom@19.2.3_react@19.2.3__react@19.2.3/node_modules/next/dist/server/web/sandbox/sandbox.js:112:26)
[25648374ms] [ERROR] WebSocket connection to 'ws://localhost:3000/_next/webpack-hmr' failed: Error in connection establishment: net::ERR_CONNECTION_REFUSED @ webpack-internal:///(pages-dir-browser)/../../node_modules/.pnpm/next@15.5.9_@playwright+test@1.58.0_react-dom@19.2.3_react@19.2.3__react@19.2.3/node_modules/next/dist/client/dev/hot-reloader/pages/websocket.js:88
[25649377ms] [ERROR] WebSocket connection to 'ws://localhost:3000/_next/webpack-hmr' failed: Error in connection establishment: net::ERR_CONNECTION_REFUSED @ webpack-internal:///(pages-dir-browser)/../../node_modules/.pnpm/next@15.5.9_@playwright+test@1.58.0_react-dom@19.2.3_react@19.2.3__react@19.2.3/node_modules/next/dist/client/dev/hot-reloader/pages/websocket.js:88
[25650379ms] [ERROR] WebSocket connection to 'ws://localhost:3000/_next/webpack-hmr' failed: Error in connection establishment: net::ERR_CONNECTION_REFUSED @ webpack-internal:///(pages-dir-browser)/../../node_modules/.pnpm/next@15.5.9_@playwright+test@1.58.0_react-dom@19.2.3_react@19.2.3__react@19.2.3/node_modules/next/dist/client/dev/hot-reloader/pages/websocket.js:88
[25651381ms] [ERROR] WebSocket connection to 'ws://localhost:3000/_next/webpack-hmr' failed: Error in connection establishment: net::ERR_CONNECTION_REFUSED @ webpack-internal:///(pages-dir-browser)/../../node_modules/.pnpm/next@15.5.9_@playwright+test@1.58.0_react-dom@19.2.3_react@19.2.3__react@19.2.3/node_modules/next/dist/client/dev/hot-reloader/pages/websocket.js:88
[25652385ms] [ERROR] WebSocket connection to 'ws://localhost:3000/_next/webpack-hmr' failed: Error in connection establishment: net::ERR_CONNECTION_REFUSED @ webpack-internal:///(pages-dir-browser)/../../node_modules/.pnpm/next@15.5.9_@playwright+test@1.58.0_react-dom@19.2.3_react@19.2.3__react@19.2.3/node_modules/next/dist/client/dev/hot-reloader/pages/websocket.js:88
