[   19842ms] Error: Tiptap Error: SSR has been detected, please set `immediatelyRender` explicitly to `false` to avoid hydration mismatches.
    at _EditorInstanceManager.getInitialEditor (webpack-internal:///(app-pages-browser)/../../node_modules/.pnpm/@tiptap+react@3.19.0_@floating-ui+dom@1.7.4_@tiptap+core@3.19.0_@tiptap+pm@3.19.0__@tiptap+pm_tptvo6ciit3w7zyuiuabjnbpm4/node_modules/@tiptap/react/dist/index.js:454:17)
    at new _EditorInstanceManager (webpack-internal:///(app-pages-browser)/../../node_modules/.pnpm/@tiptap+react@3.19.0_@floating-ui+dom@1.7.4_@tiptap+core@3.19.0_@tiptap+pm@3.19.0__@tiptap+pm_tptvo6ciit3w7zyuiuabjnbpm4/node_modules/@tiptap/react/dist/index.js:435:25)
    at eval (webpack-internal:///(app-pages-browser)/../../node_modules/.pnpm/@tiptap+react@3.19.0_@floating-ui+dom@1.7.4_@tiptap+core@3.19.0_@tiptap+pm@3.19.0__@tiptap+pm_tptvo6ciit3w7zyuiuabjnbpm4/node_modules/@tiptap/react/dist/index.js:659:83)
    at mountStateImpl (webpack-internal:///(app-pages-browser)/../../node_modules/.pnpm/next@15.5.9_@playwright+test@1.58.0_react-dom@19.2.3_react@19.2.3__react@19.2.3/node_modules/next/dist/compiled/react-dom/cjs/react-dom-client.development.js:7397:24)
    at mountState (webpack-internal:///(app-pages-browser)/../../node_modules/.pnpm/next@15.5.9_@playwright+test@1.58.0_react-dom@19.2.3_react@19.2.3__react@19.2.3/node_modules/next/dist/compiled/react-dom/cjs/react-dom-client.development.js:7418:22)
    at Object.useState (webpack-internal:///(app-pages-browser)/../../node_modules/.pnpm/next@15.5.9_@playwright+test@1.58.0_react-dom@19.2.3_react@19.2.3__react@19.2.3/node_modules/next/dist/compiled/react-dom/cjs/react-dom-client.development.js:23922:18)
    at exports.useState (webpack-internal:///(app-pages-browser)/../../node_modules/.pnpm/next@15.5.9_@playwright+test@1.58.0_react-dom@19.2.3_react@19.2.3__react@19.2.3/node_modules/next/dist/compiled/react/cjs/react.development.js:1252:34)
    at useEditor (webpack-internal:///(app-pages-browser)/../../node_modules/.pnpm/@tiptap+react@3.19.0_@floating-ui+dom@1.7.4_@tiptap+core@3.19.0_@tiptap+pm@3.19.0__@tiptap+pm_tptvo6ciit3w7zyuiuabjnbpm4/node_modules/@tiptap/react/dist/index.js:659:76)
    at RichTextEditor (webpack-internal:///(app-pages-browser)/./components/dashboard/rich-text-editor.tsx:107:77)
    at Object.react_stack_bottom_frame (webpack-internal:///(app-pages-browser)/../../node_modules/.pnpm/next@15.5.9_@playwright+test@1.58.0_react-dom@19.2.3_react@19.2.3__react@19.2.3/node_modules/next/dist/compiled/react-dom/cjs/react-dom-client.development.js:23584:20)
    at renderWithHooks (webpack-internal:///(app-pages-browser)/../../node_modules/.pnpm/next@15.5.9_@playwright+test@1.58.0_react-dom@19.2.3_react@19.2.3__react@19.2.3/node_modules/next/dist/compiled/react-dom/cjs/react-dom-client.development.js:6793:22)
    at updateFunctionComponent (webpack-internal:///(app-pages-browser)/../../node_modules/.pnpm/next@15.5.9_@playwright+test@1.58.0_react-dom@19.2.3_react@19.2.3__react@19.2.3/node_modules/next/dist/compiled/react-dom/cjs/react-dom-client.development.js:9247:19)
    at beginWork (webpack-internal:///(app-pages-browser)/../../node_modules/.pnpm/next@15.5.9_@playwright+test@1.58.0_react-dom@19.2.3_react@19.2.3__react@19.2.3/node_modules/next/dist/compiled/react-dom/cjs/react-dom-client.development.js:10858:18)
    at runWithFiberInDEV (webpack-internal:///(app-pages-browser)/../../node_modules/.pnpm/next@15.5.9_@playwright+test@1.58.0_react-dom@19.2.3_react@19.2.3__react@19.2.3/node_modules/next/dist/compiled/react-dom/cjs/react-dom-client.development.js:872:30)
    at performUnitOfWork (webpack-internal:///(app-pages-browser)/../../node_modules/.pnpm/next@15.5.9_@playwright+test@1.58.0_react-dom@19.2.3_react@19.2.3__react@19.2.3/node_modules/next/dist/compiled/react-dom/cjs/react-dom-client.development.js:15727:22)
    at workLoopSync (webpack-internal:///(app-pages-browser)/../../node_modules/.pnpm/next@15.5.9_@playwright+test@1.58.0_react-dom@19.2.3_react@19.2.3__react@19.2.3/node_modules/next/dist/compiled/react-dom/cjs/react-dom-client.development.js:15547:41)
    at renderRootSync (webpack-internal:///(app-pages-browser)/../../node_modules/.pnpm/next@15.5.9_@playwright+test@1.58.0_react-dom@19.2.3_react@19.2.3__react@19.2.3/node_modules/next/dist/compiled/react-dom/cjs/react-dom-client.development.js:15527:11)
    at performWorkOnRoot (webpack-internal:///(app-pages-browser)/../../node_modules/.pnpm/next@15.5.9_@playwright+test@1.58.0_react-dom@19.2.3_react@19.2.3__react@19.2.3/node_modules/next/dist/compiled/react-dom/cjs/react-dom-client.development.js:15034:44)
    at performWorkOnRootViaSchedulerTask (webpack-internal:///(app-pages-browser)/../../node_modules/.pnpm/next@15.5.9_@playwright+test@1.58.0_react-dom@19.2.3_react@19.2.3__react@19.2.3/node_modules/next/dist/compiled/react-dom/cjs/react-dom-client.development.js:16816:7)
    at MessagePort.performWorkUntilDeadline (webpack-internal:///(app-pages-browser)/../../node_modules/.pnpm/next@15.5.9_@playwright+test@1.58.0_react-dom@19.2.3_react@19.2.3__react@19.2.3/node_modules/next/dist/compiled/scheduler/cjs/scheduler.development.js:45:48)
[   79003ms] [WARNING] [Fast Refresh] performing full reload because your application had an unrecoverable error @ webpack-internal:///(app-pages-browser)/../../node_modules/.pnpm/next@15.5.9_@playwright+test@1.58.0_react-dom@19.2.3_react@19.2.3__react@19.2.3/node_modules/next/dist/client/dev/hot-reloader/app/hot-reloader-app.js:113
[   82122ms] Error: Tiptap Error: SSR has been detected, please set `immediatelyRender` explicitly to `false` to avoid hydration mismatches.
    at _EditorInstanceManager.getInitialEditor (webpack-internal:///(app-pages-browser)/../../node_modules/.pnpm/@tiptap+react@3.19.0_@floating-ui+dom@1.7.4_@tiptap+core@3.19.0_@tiptap+pm@3.19.0__@tiptap+pm_tptvo6ciit3w7zyuiuabjnbpm4/node_modules/@tiptap/react/dist/index.js:454:17)
    at new _EditorInstanceManager (webpack-internal:///(app-pages-browser)/../../node_modules/.pnpm/@tiptap+react@3.19.0_@floating-ui+dom@1.7.4_@tiptap+core@3.19.0_@tiptap+pm@3.19.0__@tiptap+pm_tptvo6ciit3w7zyuiuabjnbpm4/node_modules/@tiptap/react/dist/index.js:435:25)
    at eval (webpack-internal:///(app-pages-browser)/../../node_modules/.pnpm/@tiptap+react@3.19.0_@floating-ui+dom@1.7.4_@tiptap+core@3.19.0_@tiptap+pm@3.19.0__@tiptap+pm_tptvo6ciit3w7zyuiuabjnbpm4/node_modules/@tiptap/react/dist/index.js:659:83)
    at mountStateImpl (webpack-internal:///(app-pages-browser)/../../node_modules/.pnpm/next@15.5.9_@playwright+test@1.58.0_react-dom@19.2.3_react@19.2.3__react@19.2.3/node_modules/next/dist/compiled/react-dom/cjs/react-dom-client.development.js:7397:24)
    at mountState (webpack-internal:///(app-pages-browser)/../../node_modules/.pnpm/next@15.5.9_@playwright+test@1.58.0_react-dom@19.2.3_react@19.2.3__react@19.2.3/node_modules/next/dist/compiled/react-dom/cjs/react-dom-client.development.js:7418:22)
    at Object.useState (webpack-internal:///(app-pages-browser)/../../node_modules/.pnpm/next@15.5.9_@playwright+test@1.58.0_react-dom@19.2.3_react@19.2.3__react@19.2.3/node_modules/next/dist/compiled/react-dom/cjs/react-dom-client.development.js:23922:18)
    at exports.useState (webpack-internal:///(app-pages-browser)/../../node_modules/.pnpm/next@15.5.9_@playwright+test@1.58.0_react-dom@19.2.3_react@19.2.3__react@19.2.3/node_modules/next/dist/compiled/react/cjs/react.development.js:1252:34)
    at useEditor (webpack-internal:///(app-pages-browser)/../../node_modules/.pnpm/@tiptap+react@3.19.0_@floating-ui+dom@1.7.4_@tiptap+core@3.19.0_@tiptap+pm@3.19.0__@tiptap+pm_tptvo6ciit3w7zyuiuabjnbpm4/node_modules/@tiptap/react/dist/index.js:659:76)
    at RichTextEditor (webpack-internal:///(app-pages-browser)/./components/dashboard/rich-text-editor.tsx:107:77)
    at Object.react_stack_bottom_frame (webpack-internal:///(app-pages-browser)/../../node_modules/.pnpm/next@15.5.9_@playwright+test@1.58.0_react-dom@19.2.3_react@19.2.3__react@19.2.3/node_modules/next/dist/compiled/react-dom/cjs/react-dom-client.development.js:23584:20)
    at renderWithHooks (webpack-internal:///(app-pages-browser)/../../node_modules/.pnpm/next@15.5.9_@playwright+test@1.58.0_react-dom@19.2.3_react@19.2.3__react@19.2.3/node_modules/next/dist/compiled/react-dom/cjs/react-dom-client.development.js:6793:22)
    at updateFunctionComponent (webpack-internal:///(app-pages-browser)/../../node_modules/.pnpm/next@15.5.9_@playwright+test@1.58.0_react-dom@19.2.3_react@19.2.3__react@19.2.3/node_modules/next/dist/compiled/react-dom/cjs/react-dom-client.development.js:9247:19)
    at beginWork (webpack-internal:///(app-pages-browser)/../../node_modules/.pnpm/next@15.5.9_@playwright+test@1.58.0_react-dom@19.2.3_react@19.2.3__react@19.2.3/node_modules/next/dist/compiled/react-dom/cjs/react-dom-client.development.js:10858:18)
    at runWithFiberInDEV (webpack-internal:///(app-pages-browser)/../../node_modules/.pnpm/next@15.5.9_@playwright+test@1.58.0_react-dom@19.2.3_react@19.2.3__react@19.2.3/node_modules/next/dist/compiled/react-dom/cjs/react-dom-client.development.js:872:30)
    at performUnitOfWork (webpack-internal:///(app-pages-browser)/../../node_modules/.pnpm/next@15.5.9_@playwright+test@1.58.0_react-dom@19.2.3_react@19.2.3__react@19.2.3/node_modules/next/dist/compiled/react-dom/cjs/react-dom-client.development.js:15727:22)
    at workLoopSync (webpack-internal:///(app-pages-browser)/../../node_modules/.pnpm/next@15.5.9_@playwright+test@1.58.0_react-dom@19.2.3_react@19.2.3__react@19.2.3/node_modules/next/dist/compiled/react-dom/cjs/react-dom-client.development.js:15547:41)
    at renderRootSync (webpack-internal:///(app-pages-browser)/../../node_modules/.pnpm/next@15.5.9_@playwright+test@1.58.0_react-dom@19.2.3_react@19.2.3__react@19.2.3/node_modules/next/dist/compiled/react-dom/cjs/react-dom-client.development.js:15527:11)
    at performWorkOnRoot (webpack-internal:///(app-pages-browser)/../../node_modules/.pnpm/next@15.5.9_@playwright+test@1.58.0_react-dom@19.2.3_react@19.2.3__react@19.2.3/node_modules/next/dist/compiled/react-dom/cjs/react-dom-client.development.js:15034:44)
    at performWorkOnRootViaSchedulerTask (webpack-internal:///(app-pages-browser)/../../node_modules/.pnpm/next@15.5.9_@playwright+test@1.58.0_react-dom@19.2.3_react@19.2.3__react@19.2.3/node_modules/next/dist/compiled/react-dom/cjs/react-dom-client.development.js:16816:7)
    at MessagePort.performWorkUntilDeadline (webpack-internal:///(app-pages-browser)/../../node_modules/.pnpm/next@15.5.9_@playwright+test@1.58.0_react-dom@19.2.3_react@19.2.3__react@19.2.3/node_modules/next/dist/compiled/scheduler/cjs/scheduler.development.js:45:48)
[   82182ms] [ERROR] Failed to load resource: the server responded with a status of 404 (Not Found) @ http://localhost:3000/favicon.ico:0
