[    3651ms] Error: Minified React error #418; visit https://react.dev/errors/418?args[]=text&args[]= for the full message or use the non-minified dev environment for full errors and additional helpful warnings.
    at rD (https://www.hanguljobs.com/_next/static/chunks/b04784d5-213ae53d005fd1ed.js:1:35061)
    at rO (https://www.hanguljobs.com/_next/static/chunks/b04784d5-213ae53d005fd1ed.js:1:36094)
    at https://www.hanguljobs.com/_next/static/chunks/b04784d5-213ae53d005fd1ed.js:1:118082
    at ix (https://www.hanguljobs.com/_next/static/chunks/b04784d5-213ae53d005fd1ed.js:1:122954)
    at ik (https://www.hanguljobs.com/_next/static/chunks/b04784d5-213ae53d005fd1ed.js:1:114742)
    at https://www.hanguljobs.com/_next/static/chunks/b04784d5-213ae53d005fd1ed.js:1:110729
    at iu (https://www.hanguljobs.com/_next/static/chunks/b04784d5-213ae53d005fd1ed.js:1:110830)
    at iX (https://www.hanguljobs.com/_next/static/chunks/b04784d5-213ae53d005fd1ed.js:1:132933)
    at MessagePort.w (https://www.hanguljobs.com/_next/static/chunks/1087-67ac915d84844b2e.js:1:133511)
[  377916ms] Error: Minified React error #418; visit https://react.dev/errors/418?args[]=text&args[]= for the full message or use the non-minified dev environment for full errors and additional helpful warnings.
    at rD (https://www.hanguljobs.com/_next/static/chunks/b04784d5-213ae53d005fd1ed.js:1:35061)
    at rO (https://www.hanguljobs.com/_next/static/chunks/b04784d5-213ae53d005fd1ed.js:1:36094)
    at https://www.hanguljobs.com/_next/static/chunks/b04784d5-213ae53d005fd1ed.js:1:118082
    at ix (https://www.hanguljobs.com/_next/static/chunks/b04784d5-213ae53d005fd1ed.js:1:122954)
    at ik (https://www.hanguljobs.com/_next/static/chunks/b04784d5-213ae53d005fd1ed.js:1:114742)
    at https://www.hanguljobs.com/_next/static/chunks/b04784d5-213ae53d005fd1ed.js:1:110729
    at iu (https://www.hanguljobs.com/_next/static/chunks/b04784d5-213ae53d005fd1ed.js:1:110830)
    at iX (https://www.hanguljobs.com/_next/static/chunks/b04784d5-213ae53d005fd1ed.js:1:132933)
    at MessagePort.w (https://www.hanguljobs.com/_next/static/chunks/1087-67ac915d84844b2e.js:1:133511)
[  378174ms] [ERROR] Failed to load resource: the server responded with a status of 404 () @ https://www.hanguljobs.com/favicon.ico:0
