[    1346ms] Error: Hydration failed because the server rendered text didn't match the client. As a result this tree will be regenerated on the client. This can happen if a SSR-ed Client Component used:

- A server/client branch `if (typeof window !== 'undefined')`.
- Variable input such as `Date.now()` or `Math.random()` which changes each time it's called.
- Date formatting in a user's locale which doesn't match the server.
- External changing data without sending a snapshot of it along with the HTML.
- Invalid HTML tag nesting.

It can also happen if the client has a browser extension installed which messes with the HTML before React loaded.

https://react.dev/link/hydration-mismatch

  ...
    <RootLayout>
      <html lang="ko" className="__variable...">
        <head>
        ...
          <Suspense fallback={<header>}>
            <SiteHeaderWrapper>
              <SiteHeader user={null} role={null}>
                <motion.header initial={{y:-100}} animate={{y:0}} transition={{duration:0.5}} className="fixed top-...">
                  <header className="fixed top-..." style={{...}} ref={function useMotionRef.useCallback}>
                    <div className="max-w-7xl ...">
                      <div className="flex items...">
                        <LinkComponent>
                        <nav className="hidden md:...">
                          <LinkComponent href="/jobs" className="text-sm te...">
                            <a
                              className="text-sm text-gray-600 hover:text-slate-900 transition-colors font-medium"
                              ref={function}
                              onClick={function onClick}
                              onMouseEnter={function onMouseEnter}
                              onTouchStart={function onTouchStart}
                              href="/jobs"
                            >
+                             Jobs
-                             공고 보기
                          ...
                        ...
          ...

    at throwOnHydrationMismatch (webpack-internal:///(app-pages-browser)/../../node_modules/.pnpm/next@15.5.9_@playwright+test@1.58.0_react-dom@19.2.3_react@19.2.3__react@19.2.3/node_modules/next/dist/compiled/react-dom/cjs/react-dom-client.development.js:4506:11)
    at prepareToHydrateHostInstance (webpack-internal:///(app-pages-browser)/../../node_modules/.pnpm/next@15.5.9_@playwright+test@1.58.0_react-dom@19.2.3_react@19.2.3__react@19.2.3/node_modules/next/dist/compiled/react-dom/cjs/react-dom-client.development.js:4602:21)
    at completeWork (webpack-internal:///(app-pages-browser)/../../node_modules/.pnpm/next@15.5.9_@playwright+test@1.58.0_react-dom@19.2.3_react@19.2.3__react@19.2.3/node_modules/next/dist/compiled/react-dom/cjs/react-dom-client.development.js:11635:15)
    at runWithFiberInDEV (webpack-internal:///(app-pages-browser)/../../node_modules/.pnpm/next@15.5.9_@playwright+test@1.58.0_react-dom@19.2.3_react@19.2.3__react@19.2.3/node_modules/next/dist/compiled/react-dom/cjs/react-dom-client.development.js:872:30)
    at completeUnitOfWork (webpack-internal:///(app-pages-browser)/../../node_modules/.pnpm/next@15.5.9_@playwright+test@1.58.0_react-dom@19.2.3_react@19.2.3__react@19.2.3/node_modules/next/dist/compiled/react-dom/cjs/react-dom-client.development.js:15863:19)
    at performUnitOfWork (webpack-internal:///(app-pages-browser)/../../node_modules/.pnpm/next@15.5.9_@playwright+test@1.58.0_react-dom@19.2.3_react@19.2.3__react@19.2.3/node_modules/next/dist/compiled/react-dom/cjs/react-dom-client.development.js:15744:11)
    at workLoopConcurrentByScheduler (webpack-internal:///(app-pages-browser)/../../node_modules/.pnpm/next@15.5.9_@playwright+test@1.58.0_react-dom@19.2.3_react@19.2.3__react@19.2.3/node_modules/next/dist/compiled/react-dom/cjs/react-dom-client.development.js:15721:9)
    at renderRootConcurrent (webpack-internal:///(app-pages-browser)/../../node_modules/.pnpm/next@15.5.9_@playwright+test@1.58.0_react-dom@19.2.3_react@19.2.3__react@19.2.3/node_modules/next/dist/compiled/react-dom/cjs/react-dom-client.development.js:15696:15)
    at performWorkOnRoot (webpack-internal:///(app-pages-browser)/../../node_modules/.pnpm/next@15.5.9_@playwright+test@1.58.0_react-dom@19.2.3_react@19.2.3__react@19.2.3/node_modules/next/dist/compiled/react-dom/cjs/react-dom-client.development.js:14990:13)
    at performWorkOnRootViaSchedulerTask (webpack-internal:///(app-pages-browser)/../../node_modules/.pnpm/next@15.5.9_@playwright+test@1.58.0_react-dom@19.2.3_react@19.2.3__react@19.2.3/node_modules/next/dist/compiled/react-dom/cjs/react-dom-client.development.js:16816:7)
    at MessagePort.performWorkUntilDeadline (webpack-internal:///(app-pages-browser)/../../node_modules/.pnpm/next@15.5.9_@playwright+test@1.58.0_react-dom@19.2.3_react@19.2.3__react@19.2.3/node_modules/next/dist/compiled/scheduler/cjs/scheduler.development.js:45:48)
